d:\cu\vs\struct_openmp\struct_openmp\x64\release\struct_openmp.obj
c:\users\user~1.use\appdata\local\temp\lnk{5d4d5cbc-c9ea-4dfa-a320-0f3d6d0c07e3}.tmp
c:\users\user~1.use\appdata\local\temp\lnk{4be06e3e-73f1-47a1-be4c-35c66f08b4d7}.tmp
d:\cu\vs\struct_openmp\x64\release\struct_openmp.exe
d:\cu\vs\struct_openmp\x64\release\struct_openmp.pdb
d:\cu\vs\struct_openmp\struct_openmp\x64\release\struct_openmp.tlog\icl-mcpcom.read.1.tlog
d:\cu\vs\struct_openmp\struct_openmp\x64\release\struct_openmp.tlog\icl-mcpcom.write.1.tlog
d:\cu\vs\struct_openmp\struct_openmp\x64\release\struct_openmp.tlog\icl.command.1.tlog
d:\cu\vs\struct_openmp\struct_openmp\x64\release\struct_openmp.tlog\icl.read.1.tlog
d:\cu\vs\struct_openmp\struct_openmp\x64\release\struct_openmp.tlog\icl.write.1.tlog
d:\cu\vs\struct_openmp\struct_openmp\x64\release\struct_openmp.tlog\xilink-link-cvtres.read.1.tlog
d:\cu\vs\struct_openmp\struct_openmp\x64\release\struct_openmp.tlog\xilink-link-cvtres.write.1.tlog
d:\cu\vs\struct_openmp\struct_openmp\x64\release\struct_openmp.tlog\xilink-link-rc.read.1.tlog
d:\cu\vs\struct_openmp\struct_openmp\x64\release\struct_openmp.tlog\xilink-link-rc.write.1.tlog
d:\cu\vs\struct_openmp\struct_openmp\x64\release\struct_openmp.tlog\xilink-link.read.1.tlog
d:\cu\vs\struct_openmp\struct_openmp\x64\release\struct_openmp.tlog\xilink-link.write.1.tlog
d:\cu\vs\struct_openmp\struct_openmp\x64\release\struct_openmp.tlog\xilink-mcpcom.read.1.tlog
d:\cu\vs\struct_openmp\struct_openmp\x64\release\struct_openmp.tlog\xilink-mcpcom.write.1.tlog
d:\cu\vs\struct_openmp\struct_openmp\x64\release\struct_openmp.tlog\xilink.command.1.tlog
d:\cu\vs\struct_openmp\struct_openmp\x64\release\struct_openmp.tlog\xilink.read.1.tlog
d:\cu\vs\struct_openmp\struct_openmp\x64\release\struct_openmp.tlog\xilink.write.1.tlog
